<?xml version="1.0" encoding="UTF-8"?>
<testsuite xmlns:xsi="http://www.w3.org/2001/XMLSchema-instance" xsi:noNamespaceSchemaLocation="https://maven.apache.org/surefire/maven-surefire-plugin/xsd/surefire-test-report-3.0.xsd" version="3.0" name="TestSuite" time="22.517" tests="1" errors="0" skipped="0" failures="0">
  <properties>
    <property name="sun.desktop" value="windows"/>
    <property name="awt.toolkit" value="sun.awt.windows.WToolkit"/>
    <property name="java.specification.version" value="11"/>
    <property name="sun.cpu.isalist" value="amd64"/>
    <property name="sun.jnu.encoding" value="Cp1252"/>
    <property name="java.class.path" value="C:\Users\Louie\bddcucumber\target\test-classes;C:\Users\Louie\bddcucumber\target\classes;C:\Users\Louie\.m2\repository\javax\xml\bind\jaxb-api\2.3.0\jaxb-api-2.3.0.jar;C:\Users\Louie\.m2\repository\org\seleniumhq\selenium\selenium-java\3.10.0\selenium-java-3.10.0.jar;C:\Users\Louie\.m2\repository\org\seleniumhq\selenium\selenium-api\3.10.0\selenium-api-3.10.0.jar;C:\Users\Louie\.m2\repository\org\seleniumhq\selenium\selenium-chrome-driver\3.10.0\selenium-chrome-driver-3.10.0.jar;C:\Users\Louie\.m2\repository\org\seleniumhq\selenium\selenium-edge-driver\3.10.0\selenium-edge-driver-3.10.0.jar;C:\Users\Louie\.m2\repository\org\seleniumhq\selenium\selenium-firefox-driver\3.10.0\selenium-firefox-driver-3.10.0.jar;C:\Users\Louie\.m2\repository\org\seleniumhq\selenium\selenium-ie-driver\3.10.0\selenium-ie-driver-3.10.0.jar;C:\Users\Louie\.m2\repository\org\seleniumhq\selenium\selenium-opera-driver\3.10.0\selenium-opera-driver-3.10.0.jar;C:\Users\Louie\.m2\repository\org\seleniumhq\selenium\selenium-remote-driver\3.10.0\selenium-remote-driver-3.10.0.jar;C:\Users\Louie\.m2\repository\org\seleniumhq\selenium\selenium-safari-driver\3.10.0\selenium-safari-driver-3.10.0.jar;C:\Users\Louie\.m2\repository\org\seleniumhq\selenium\selenium-support\3.10.0\selenium-support-3.10.0.jar;C:\Users\Louie\.m2\repository\net\bytebuddy\byte-buddy\1.7.9\byte-buddy-1.7.9.jar;C:\Users\Louie\.m2\repository\org\apache\commons\commons-exec\1.3\commons-exec-1.3.jar;C:\Users\Louie\.m2\repository\commons-codec\commons-codec\1.10\commons-codec-1.10.jar;C:\Users\Louie\.m2\repository\commons-logging\commons-logging\1.2\commons-logging-1.2.jar;C:\Users\Louie\.m2\repository\com\google\code\gson\gson\2.8.2\gson-2.8.2.jar;C:\Users\Louie\.m2\repository\com\google\guava\guava\23.6-jre\guava-23.6-jre.jar;C:\Users\Louie\.m2\repository\com\google\code\findbugs\jsr305\1.3.9\jsr305-1.3.9.jar;C:\Users\Louie\.m2\repository\org\checkerframework\checker-compat-qual\2.0.0\checker-compat-qual-2.0.0.jar;C:\Users\Louie\.m2\repository\com\google\errorprone\error_prone_annotations\2.1.3\error_prone_annotations-2.1.3.jar;C:\Users\Louie\.m2\repository\com\google\j2objc\j2objc-annotations\1.1\j2objc-annotations-1.1.jar;C:\Users\Louie\.m2\repository\org\codehaus\mojo\animal-sniffer-annotations\1.14\animal-sniffer-annotations-1.14.jar;C:\Users\Louie\.m2\repository\org\apache\httpcomponents\httpclient\4.5.3\httpclient-4.5.3.jar;C:\Users\Louie\.m2\repository\org\apache\httpcomponents\httpcore\4.4.6\httpcore-4.4.6.jar;C:\Users\Louie\.m2\repository\com\squareup\okhttp3\okhttp\3.9.1\okhttp-3.9.1.jar;C:\Users\Louie\.m2\repository\com\squareup\okio\okio\1.13.0\okio-1.13.0.jar;C:\Users\Louie\.m2\repository\org\testng\testng\7.4.0\testng-7.4.0.jar;C:\Users\Louie\.m2\repository\com\beust\jcommander\1.78\jcommander-1.78.jar;C:\Users\Louie\.m2\repository\org\webjars\jquery\3.5.1\jquery-3.5.1.jar;C:\Users\Louie\.m2\repository\junit\junit\4.12\junit-4.12.jar;C:\Users\Louie\.m2\repository\org\hamcrest\hamcrest-core\1.3\hamcrest-core-1.3.jar;C:\Users\Louie\.m2\repository\info\cukes\cucumber-testng\1.2.5\cucumber-testng-1.2.5.jar;C:\Users\Louie\.m2\repository\info\cukes\cucumber-core\1.2.5\cucumber-core-1.2.5.jar;C:\Users\Louie\.m2\repository\info\cukes\cucumber-html\0.2.3\cucumber-html-0.2.3.jar;C:\Users\Louie\.m2\repository\info\cukes\cucumber-picocontainer\1.2.5\cucumber-picocontainer-1.2.5.jar;C:\Users\Louie\.m2\repository\org\picocontainer\picocontainer\2.15\picocontainer-2.15.jar;C:\Users\Louie\.m2\repository\info\cukes\cucumber-java\1.2.5\cucumber-java-1.2.5.jar;C:\Users\Louie\.m2\repository\info\cukes\cucumber-junit\1.2.5\cucumber-junit-1.2.5.jar;C:\Users\Louie\.m2\repository\info\cukes\cucumber-jvm-deps\1.0.5\cucumber-jvm-deps-1.0.5.jar;C:\Users\Louie\.m2\repository\net\masterthought\cucumber-reporting\3.10.0\cucumber-reporting-3.10.0.jar;C:\Users\Louie\.m2\repository\org\apache\logging\log4j\log4j-api\2.8.2\log4j-api-2.8.2.jar;C:\Users\Louie\.m2\repository\org\apache\logging\log4j\log4j-core\2.8.2\log4j-core-2.8.2.jar;C:\Users\Louie\.m2\repository\org\apache\velocity\velocity\1.7\velocity-1.7.jar;C:\Users\Louie\.m2\repository\commons-lang\commons-lang\2.4\commons-lang-2.4.jar;C:\Users\Louie\.m2\repository\velocity-tools\velocity-tools\1.4\velocity-tools-1.4.jar;C:\Users\Louie\.m2\repository\joda-time\joda-time\2.9.9\joda-time-2.9.9.jar;C:\Users\Louie\.m2\repository\org\apache\commons\commons-lang3\3.6\commons-lang3-3.6.jar;C:\Users\Louie\.m2\repository\commons-io\commons-io\2.5\commons-io-2.5.jar;C:\Users\Louie\.m2\repository\net\lingala\zip4j\zip4j\1.3.2\zip4j-1.3.2.jar;C:\Users\Louie\.m2\repository\org\codehaus\plexus\plexus-utils\3.0.24\plexus-utils-3.0.24.jar;C:\Users\Louie\.m2\repository\org\jsoup\jsoup\1.10.3\jsoup-1.10.3.jar;C:\Users\Louie\.m2\repository\com\googlecode\owasp-java-html-sanitizer\owasp-java-html-sanitizer\20170515.1\owasp-java-html-sanitizer-20170515.1.jar;C:\Users\Louie\.m2\repository\info\cukes\gherkin\2.12.2\gherkin-2.12.2.jar;C:\Users\Louie\.m2\repository\org\mockito\mockito-all\2.0.2-beta\mockito-all-2.0.2-beta.jar;C:\Users\Louie\.m2\repository\net\sourceforge\jexcelapi\jxl\2.6.12\jxl-2.6.12.jar;C:\Users\Louie\.m2\repository\log4j\log4j\1.2.14\log4j-1.2.14.jar;C:\Users\Louie\.m2\repository\org\seleniumhq\selenium\selenium-htmlunit-driver\2.52.0\selenium-htmlunit-driver-2.52.0.jar;C:\Users\Louie\.m2\repository\net\sourceforge\htmlunit\htmlunit\2.18\htmlunit-2.18.jar;C:\Users\Louie\.m2\repository\xalan\xalan\2.7.2\xalan-2.7.2.jar;C:\Users\Louie\.m2\repository\xalan\serializer\2.7.2\serializer-2.7.2.jar;C:\Users\Louie\.m2\repository\net\sourceforge\htmlunit\htmlunit-core-js\2.17\htmlunit-core-js-2.17.jar;C:\Users\Louie\.m2\repository\xerces\xercesImpl\2.11.0\xercesImpl-2.11.0.jar;C:\Users\Louie\.m2\repository\xml-apis\xml-apis\1.4.01\xml-apis-1.4.01.jar;C:\Users\Louie\.m2\repository\net\sourceforge\nekohtml\nekohtml\1.9.22\nekohtml-1.9.22.jar;C:\Users\Louie\.m2\repository\net\sourceforge\cssparser\cssparser\0.9.16\cssparser-0.9.16.jar;C:\Users\Louie\.m2\repository\org\w3c\css\sac\1.3\sac-1.3.jar;C:\Users\Louie\.m2\repository\org\eclipse\jetty\websocket\websocket-client\9.2.12.v20150709\websocket-client-9.2.12.v20150709.jar;C:\Users\Louie\.m2\repository\org\eclipse\jetty\jetty-util\9.2.12.v20150709\jetty-util-9.2.12.v20150709.jar;C:\Users\Louie\.m2\repository\org\eclipse\jetty\jetty-io\9.2.12.v20150709\jetty-io-9.2.12.v20150709.jar;C:\Users\Louie\.m2\repository\org\eclipse\jetty\websocket\websocket-common\9.2.12.v20150709\websocket-common-9.2.12.v20150709.jar;C:\Users\Louie\.m2\repository\org\eclipse\jetty\websocket\websocket-api\9.2.12.v20150709\websocket-api-9.2.12.v20150709.jar;C:\Users\Louie\.m2\repository\commons-collections\commons-collections\3.2.2\commons-collections-3.2.2.jar;C:\Users\Louie\.m2\repository\com\vimalselvam\cucumber-extentsreport\3.0.2\cucumber-extentsreport-3.0.2.jar;C:\Users\Louie\.m2\repository\com\aventstack\extentreports\4.0.9\extentreports-4.0.9.jar;C:\Users\Louie\.m2\repository\org\freemarker\freemarker\2.3.23\freemarker-2.3.23.jar;C:\Users\Louie\.m2\repository\org\mongodb\mongodb-driver\3.3.0\mongodb-driver-3.3.0.jar;C:\Users\Louie\.m2\repository\org\mongodb\mongodb-driver-core\3.3.0\mongodb-driver-core-3.3.0.jar;C:\Users\Louie\.m2\repository\org\mongodb\bson\3.3.0\bson-3.3.0.jar;C:\Users\Louie\.m2\repository\org\apache\httpcomponents\httpmime\4.5.2\httpmime-4.5.2.jar;C:\Users\Louie\.m2\repository\org\apache\poi\poi-ooxml\4.1.2\poi-ooxml-4.1.2.jar;C:\Users\Louie\.m2\repository\org\apache\poi\poi-ooxml-schemas\4.1.2\poi-ooxml-schemas-4.1.2.jar;C:\Users\Louie\.m2\repository\org\apache\xmlbeans\xmlbeans\3.1.0\xmlbeans-3.1.0.jar;C:\Users\Louie\.m2\repository\org\apache\commons\commons-compress\1.19\commons-compress-1.19.jar;C:\Users\Louie\.m2\repository\com\github\virtuald\curvesapi\1.06\curvesapi-1.06.jar;C:\Users\Louie\.m2\repository\org\apache\poi\poi\4.1.2\poi-4.1.2.jar;C:\Users\Louie\.m2\repository\org\apache\commons\commons-collections4\4.4\commons-collections4-4.4.jar;C:\Users\Louie\.m2\repository\org\apache\commons\commons-math3\3.6.1\commons-math3-3.6.1.jar;C:\Users\Louie\.m2\repository\com\zaxxer\SparseBitSet\1.2\SparseBitSet-1.2.jar;C:\Users\Louie\.m2\repository\io\rest-assured\rest-assured\4.3.3\rest-assured-4.3.3.jar;C:\Users\Louie\.m2\repository\org\codehaus\groovy\groovy\3.0.7\groovy-3.0.7.jar;C:\Users\Louie\.m2\repository\org\codehaus\groovy\groovy-xml\3.0.7\groovy-xml-3.0.7.jar;C:\Users\Louie\.m2\repository\org\hamcrest\hamcrest\2.1\hamcrest-2.1.jar;C:\Users\Louie\.m2\repository\org\ccil\cowan\tagsoup\tagsoup\1.2.1\tagsoup-1.2.1.jar;C:\Users\Louie\.m2\repository\io\rest-assured\json-path\4.3.3\json-path-4.3.3.jar;C:\Users\Louie\.m2\repository\org\codehaus\groovy\groovy-json\3.0.7\groovy-json-3.0.7.jar;C:\Users\Louie\.m2\repository\io\rest-assured\rest-assured-common\4.3.3\rest-assured-common-4.3.3.jar;C:\Users\Louie\.m2\repository\io\rest-assured\xml-path\4.3.3\xml-path-4.3.3.jar;C:\Users\Louie\.m2\repository\jakarta\xml\bind\jakarta.xml.bind-api\2.3.3\jakarta.xml.bind-api-2.3.3.jar;C:\Users\Louie\.m2\repository\jakarta\activation\jakarta.activation-api\1.2.2\jakarta.activation-api-1.2.2.jar;C:\Users\Louie\.m2\repository\com\sun\xml\bind\jaxb-impl\2.3.3\jaxb-impl-2.3.3.jar;C:\Users\Louie\.m2\repository\io\github\json-snapshot\json-snapshot\1.0.17\json-snapshot-1.0.17.jar;C:\Users\Louie\.m2\repository\com\fasterxml\jackson\core\jackson-core\2.9.8\jackson-core-2.9.8.jar;C:\Users\Louie\.m2\repository\org\junit\jupiter\junit-jupiter-api\5.3.2\junit-jupiter-api-5.3.2.jar;C:\Users\Louie\.m2\repository\org\apiguardian\apiguardian-api\1.0.0\apiguardian-api-1.0.0.jar;C:\Users\Louie\.m2\repository\org\opentest4j\opentest4j\1.1.1\opentest4j-1.1.1.jar;C:\Users\Louie\.m2\repository\org\junit\platform\junit-platform-commons\1.3.2\junit-platform-commons-1.3.2.jar;C:\Users\Louie\.m2\repository\org\junit\jupiter\junit-jupiter-engine\5.3.2\junit-jupiter-engine-5.3.2.jar;C:\Users\Louie\.m2\repository\org\junit\platform\junit-platform-engine\1.3.2\junit-platform-engine-1.3.2.jar;C:\Users\Louie\.m2\repository\org\mockito\mockito-junit-jupiter\2.23.0\mockito-junit-jupiter-2.23.0.jar;C:\Users\Louie\.m2\repository\org\assertj\assertj-core\3.11.1\assertj-core-3.11.1.jar;C:\Users\Louie\.m2\repository\org\mockito\mockito-core\2.23.4\mockito-core-2.23.4.jar;C:\Users\Louie\.m2\repository\net\bytebuddy\byte-buddy-agent\1.9.3\byte-buddy-agent-1.9.3.jar;C:\Users\Louie\.m2\repository\org\objenesis\objenesis\2.6\objenesis-2.6.jar;C:\Users\Louie\.m2\repository\org\junit\platform\junit-platform-runner\1.2.0\junit-platform-runner-1.2.0.jar;C:\Users\Louie\.m2\repository\org\junit\platform\junit-platform-launcher\1.2.0\junit-platform-launcher-1.2.0.jar;C:\Users\Louie\.m2\repository\org\junit\platform\junit-platform-suite-api\1.2.0\junit-platform-suite-api-1.2.0.jar;C:\Users\Louie\.m2\repository\org\junit\vintage\junit-vintage-engine\5.2.0\junit-vintage-engine-5.2.0.jar;C:\Users\Louie\.m2\repository\org\slf4j\slf4j-api\1.8.0-beta2\slf4j-api-1.8.0-beta2.jar;C:\Users\Louie\.m2\repository\com\fasterxml\jackson\core\jackson-annotations\2.9.6\jackson-annotations-2.9.6.jar;C:\Users\Louie\.m2\repository\com\fasterxml\jackson\core\jackson-databind\2.9.6\jackson-databind-2.9.6.jar;C:\Users\Louie\.m2\repository\org\projectlombok\lombok\1.18.10\lombok-1.18.10.jar;C:\Users\Louie\.m2\repository\com\microsoft\edge\msedge-selenium-tools-java\3.141.0\msedge-selenium-tools-java-3.141.0.jar;"/>
    <property name="java.vm.vendor" value="Oracle Corporation"/>
    <property name="sun.arch.data.model" value="64"/>
    <property name="user.variant" value=""/>
    <property name="java.vendor.url" value="https://openjdk.java.net/"/>
    <property name="user.timezone" value="Asia/Shanghai"/>
    <property name="suiteXmlFile" value="SampleTestSuite.xml"/>
    <property name="java.vm.specification.version" value="11"/>
    <property name="os.name" value="Windows 10"/>
    <property name="sun.java.launcher" value="SUN_STANDARD"/>
    <property name="user.country" value="US"/>
    <property name="sun.boot.library.path" value="C:\Program Files\Java\jdk-11.0.13\bin"/>
    <property name="sun.java.command" value="C:\Users\Louie\AppData\Local\Temp\surefire7145042572536230390\surefirebooter17076889492715828944.jar C:\Users\Louie\AppData\Local\Temp\surefire7145042572536230390 2022-04-05T21-48-48_520-jvmRun1 surefire8661055326134427180tmp surefire_012864191649747379734tmp"/>
    <property name="jdk.debug" value="release"/>
    <property name="surefire.test.class.path" value="C:\Users\Louie\bddcucumber\target\test-classes;C:\Users\Louie\bddcucumber\target\classes;C:\Users\Louie\.m2\repository\javax\xml\bind\jaxb-api\2.3.0\jaxb-api-2.3.0.jar;C:\Users\Louie\.m2\repository\org\seleniumhq\selenium\selenium-java\3.10.0\selenium-java-3.10.0.jar;C:\Users\Louie\.m2\repository\org\seleniumhq\selenium\selenium-api\3.10.0\selenium-api-3.10.0.jar;C:\Users\Louie\.m2\repository\org\seleniumhq\selenium\selenium-chrome-driver\3.10.0\selenium-chrome-driver-3.10.0.jar;C:\Users\Louie\.m2\repository\org\seleniumhq\selenium\selenium-edge-driver\3.10.0\selenium-edge-driver-3.10.0.jar;C:\Users\Louie\.m2\repository\org\seleniumhq\selenium\selenium-firefox-driver\3.10.0\selenium-firefox-driver-3.10.0.jar;C:\Users\Louie\.m2\repository\org\seleniumhq\selenium\selenium-ie-driver\3.10.0\selenium-ie-driver-3.10.0.jar;C:\Users\Louie\.m2\repository\org\seleniumhq\selenium\selenium-opera-driver\3.10.0\selenium-opera-driver-3.10.0.jar;C:\Users\Louie\.m2\repository\org\seleniumhq\selenium\selenium-remote-driver\3.10.0\selenium-remote-driver-3.10.0.jar;C:\Users\Louie\.m2\repository\org\seleniumhq\selenium\selenium-safari-driver\3.10.0\selenium-safari-driver-3.10.0.jar;C:\Users\Louie\.m2\repository\org\seleniumhq\selenium\selenium-support\3.10.0\selenium-support-3.10.0.jar;C:\Users\Louie\.m2\repository\net\bytebuddy\byte-buddy\1.7.9\byte-buddy-1.7.9.jar;C:\Users\Louie\.m2\repository\org\apache\commons\commons-exec\1.3\commons-exec-1.3.jar;C:\Users\Louie\.m2\repository\commons-codec\commons-codec\1.10\commons-codec-1.10.jar;C:\Users\Louie\.m2\repository\commons-logging\commons-logging\1.2\commons-logging-1.2.jar;C:\Users\Louie\.m2\repository\com\google\code\gson\gson\2.8.2\gson-2.8.2.jar;C:\Users\Louie\.m2\repository\com\google\guava\guava\23.6-jre\guava-23.6-jre.jar;C:\Users\Louie\.m2\repository\com\google\code\findbugs\jsr305\1.3.9\jsr305-1.3.9.jar;C:\Users\Louie\.m2\repository\org\checkerframework\checker-compat-qual\2.0.0\checker-compat-qual-2.0.0.jar;C:\Users\Louie\.m2\repository\com\google\errorprone\error_prone_annotations\2.1.3\error_prone_annotations-2.1.3.jar;C:\Users\Louie\.m2\repository\com\google\j2objc\j2objc-annotations\1.1\j2objc-annotations-1.1.jar;C:\Users\Louie\.m2\repository\org\codehaus\mojo\animal-sniffer-annotations\1.14\animal-sniffer-annotations-1.14.jar;C:\Users\Louie\.m2\repository\org\apache\httpcomponents\httpclient\4.5.3\httpclient-4.5.3.jar;C:\Users\Louie\.m2\repository\org\apache\httpcomponents\httpcore\4.4.6\httpcore-4.4.6.jar;C:\Users\Louie\.m2\repository\com\squareup\okhttp3\okhttp\3.9.1\okhttp-3.9.1.jar;C:\Users\Louie\.m2\repository\com\squareup\okio\okio\1.13.0\okio-1.13.0.jar;C:\Users\Louie\.m2\repository\org\testng\testng\7.4.0\testng-7.4.0.jar;C:\Users\Louie\.m2\repository\com\beust\jcommander\1.78\jcommander-1.78.jar;C:\Users\Louie\.m2\repository\org\webjars\jquery\3.5.1\jquery-3.5.1.jar;C:\Users\Louie\.m2\repository\junit\junit\4.12\junit-4.12.jar;C:\Users\Louie\.m2\repository\org\hamcrest\hamcrest-core\1.3\hamcrest-core-1.3.jar;C:\Users\Louie\.m2\repository\info\cukes\cucumber-testng\1.2.5\cucumber-testng-1.2.5.jar;C:\Users\Louie\.m2\repository\info\cukes\cucumber-core\1.2.5\cucumber-core-1.2.5.jar;C:\Users\Louie\.m2\repository\info\cukes\cucumber-html\0.2.3\cucumber-html-0.2.3.jar;C:\Users\Louie\.m2\repository\info\cukes\cucumber-picocontainer\1.2.5\cucumber-picocontainer-1.2.5.jar;C:\Users\Louie\.m2\repository\org\picocontainer\picocontainer\2.15\picocontainer-2.15.jar;C:\Users\Louie\.m2\repository\info\cukes\cucumber-java\1.2.5\cucumber-java-1.2.5.jar;C:\Users\Louie\.m2\repository\info\cukes\cucumber-junit\1.2.5\cucumber-junit-1.2.5.jar;C:\Users\Louie\.m2\repository\info\cukes\cucumber-jvm-deps\1.0.5\cucumber-jvm-deps-1.0.5.jar;C:\Users\Louie\.m2\repository\net\masterthought\cucumber-reporting\3.10.0\cucumber-reporting-3.10.0.jar;C:\Users\Louie\.m2\repository\org\apache\logging\log4j\log4j-api\2.8.2\log4j-api-2.8.2.jar;C:\Users\Louie\.m2\repository\org\apache\logging\log4j\log4j-core\2.8.2\log4j-core-2.8.2.jar;C:\Users\Louie\.m2\repository\org\apache\velocity\velocity\1.7\velocity-1.7.jar;C:\Users\Louie\.m2\repository\commons-lang\commons-lang\2.4\commons-lang-2.4.jar;C:\Users\Louie\.m2\repository\velocity-tools\velocity-tools\1.4\velocity-tools-1.4.jar;C:\Users\Louie\.m2\repository\joda-time\joda-time\2.9.9\joda-time-2.9.9.jar;C:\Users\Louie\.m2\repository\org\apache\commons\commons-lang3\3.6\commons-lang3-3.6.jar;C:\Users\Louie\.m2\repository\commons-io\commons-io\2.5\commons-io-2.5.jar;C:\Users\Louie\.m2\repository\net\lingala\zip4j\zip4j\1.3.2\zip4j-1.3.2.jar;C:\Users\Louie\.m2\repository\org\codehaus\plexus\plexus-utils\3.0.24\plexus-utils-3.0.24.jar;C:\Users\Louie\.m2\repository\org\jsoup\jsoup\1.10.3\jsoup-1.10.3.jar;C:\Users\Louie\.m2\repository\com\googlecode\owasp-java-html-sanitizer\owasp-java-html-sanitizer\20170515.1\owasp-java-html-sanitizer-20170515.1.jar;C:\Users\Louie\.m2\repository\info\cukes\gherkin\2.12.2\gherkin-2.12.2.jar;C:\Users\Louie\.m2\repository\org\mockito\mockito-all\2.0.2-beta\mockito-all-2.0.2-beta.jar;C:\Users\Louie\.m2\repository\net\sourceforge\jexcelapi\jxl\2.6.12\jxl-2.6.12.jar;C:\Users\Louie\.m2\repository\log4j\log4j\1.2.14\log4j-1.2.14.jar;C:\Users\Louie\.m2\repository\org\seleniumhq\selenium\selenium-htmlunit-driver\2.52.0\selenium-htmlunit-driver-2.52.0.jar;C:\Users\Louie\.m2\repository\net\sourceforge\htmlunit\htmlunit\2.18\htmlunit-2.18.jar;C:\Users\Louie\.m2\repository\xalan\xalan\2.7.2\xalan-2.7.2.jar;C:\Users\Louie\.m2\repository\xalan\serializer\2.7.2\serializer-2.7.2.jar;C:\Users\Louie\.m2\repository\net\sourceforge\htmlunit\htmlunit-core-js\2.17\htmlunit-core-js-2.17.jar;C:\Users\Louie\.m2\repository\xerces\xercesImpl\2.11.0\xercesImpl-2.11.0.jar;C:\Users\Louie\.m2\repository\xml-apis\xml-apis\1.4.01\xml-apis-1.4.01.jar;C:\Users\Louie\.m2\repository\net\sourceforge\nekohtml\nekohtml\1.9.22\nekohtml-1.9.22.jar;C:\Users\Louie\.m2\repository\net\sourceforge\cssparser\cssparser\0.9.16\cssparser-0.9.16.jar;C:\Users\Louie\.m2\repository\org\w3c\css\sac\1.3\sac-1.3.jar;C:\Users\Louie\.m2\repository\org\eclipse\jetty\websocket\websocket-client\9.2.12.v20150709\websocket-client-9.2.12.v20150709.jar;C:\Users\Louie\.m2\repository\org\eclipse\jetty\jetty-util\9.2.12.v20150709\jetty-util-9.2.12.v20150709.jar;C:\Users\Louie\.m2\repository\org\eclipse\jetty\jetty-io\9.2.12.v20150709\jetty-io-9.2.12.v20150709.jar;C:\Users\Louie\.m2\repository\org\eclipse\jetty\websocket\websocket-common\9.2.12.v20150709\websocket-common-9.2.12.v20150709.jar;C:\Users\Louie\.m2\repository\org\eclipse\jetty\websocket\websocket-api\9.2.12.v20150709\websocket-api-9.2.12.v20150709.jar;C:\Users\Louie\.m2\repository\commons-collections\commons-collections\3.2.2\commons-collections-3.2.2.jar;C:\Users\Louie\.m2\repository\com\vimalselvam\cucumber-extentsreport\3.0.2\cucumber-extentsreport-3.0.2.jar;C:\Users\Louie\.m2\repository\com\aventstack\extentreports\4.0.9\extentreports-4.0.9.jar;C:\Users\Louie\.m2\repository\org\freemarker\freemarker\2.3.23\freemarker-2.3.23.jar;C:\Users\Louie\.m2\repository\org\mongodb\mongodb-driver\3.3.0\mongodb-driver-3.3.0.jar;C:\Users\Louie\.m2\repository\org\mongodb\mongodb-driver-core\3.3.0\mongodb-driver-core-3.3.0.jar;C:\Users\Louie\.m2\repository\org\mongodb\bson\3.3.0\bson-3.3.0.jar;C:\Users\Louie\.m2\repository\org\apache\httpcomponents\httpmime\4.5.2\httpmime-4.5.2.jar;C:\Users\Louie\.m2\repository\org\apache\poi\poi-ooxml\4.1.2\poi-ooxml-4.1.2.jar;C:\Users\Louie\.m2\repository\org\apache\poi\poi-ooxml-schemas\4.1.2\poi-ooxml-schemas-4.1.2.jar;C:\Users\Louie\.m2\repository\org\apache\xmlbeans\xmlbeans\3.1.0\xmlbeans-3.1.0.jar;C:\Users\Louie\.m2\repository\org\apache\commons\commons-compress\1.19\commons-compress-1.19.jar;C:\Users\Louie\.m2\repository\com\github\virtuald\curvesapi\1.06\curvesapi-1.06.jar;C:\Users\Louie\.m2\repository\org\apache\poi\poi\4.1.2\poi-4.1.2.jar;C:\Users\Louie\.m2\repository\org\apache\commons\commons-collections4\4.4\commons-collections4-4.4.jar;C:\Users\Louie\.m2\repository\org\apache\commons\commons-math3\3.6.1\commons-math3-3.6.1.jar;C:\Users\Louie\.m2\repository\com\zaxxer\SparseBitSet\1.2\SparseBitSet-1.2.jar;C:\Users\Louie\.m2\repository\io\rest-assured\rest-assured\4.3.3\rest-assured-4.3.3.jar;C:\Users\Louie\.m2\repository\org\codehaus\groovy\groovy\3.0.7\groovy-3.0.7.jar;C:\Users\Louie\.m2\repository\org\codehaus\groovy\groovy-xml\3.0.7\groovy-xml-3.0.7.jar;C:\Users\Louie\.m2\repository\org\hamcrest\hamcrest\2.1\hamcrest-2.1.jar;C:\Users\Louie\.m2\repository\org\ccil\cowan\tagsoup\tagsoup\1.2.1\tagsoup-1.2.1.jar;C:\Users\Louie\.m2\repository\io\rest-assured\json-path\4.3.3\json-path-4.3.3.jar;C:\Users\Louie\.m2\repository\org\codehaus\groovy\groovy-json\3.0.7\groovy-json-3.0.7.jar;C:\Users\Louie\.m2\repository\io\rest-assured\rest-assured-common\4.3.3\rest-assured-common-4.3.3.jar;C:\Users\Louie\.m2\repository\io\rest-assured\xml-path\4.3.3\xml-path-4.3.3.jar;C:\Users\Louie\.m2\repository\jakarta\xml\bind\jakarta.xml.bind-api\2.3.3\jakarta.xml.bind-api-2.3.3.jar;C:\Users\Louie\.m2\repository\jakarta\activation\jakarta.activation-api\1.2.2\jakarta.activation-api-1.2.2.jar;C:\Users\Louie\.m2\repository\com\sun\xml\bind\jaxb-impl\2.3.3\jaxb-impl-2.3.3.jar;C:\Users\Louie\.m2\repository\io\github\json-snapshot\json-snapshot\1.0.17\json-snapshot-1.0.17.jar;C:\Users\Louie\.m2\repository\com\fasterxml\jackson\core\jackson-core\2.9.8\jackson-core-2.9.8.jar;C:\Users\Louie\.m2\repository\org\junit\jupiter\junit-jupiter-api\5.3.2\junit-jupiter-api-5.3.2.jar;C:\Users\Louie\.m2\repository\org\apiguardian\apiguardian-api\1.0.0\apiguardian-api-1.0.0.jar;C:\Users\Louie\.m2\repository\org\opentest4j\opentest4j\1.1.1\opentest4j-1.1.1.jar;C:\Users\Louie\.m2\repository\org\junit\platform\junit-platform-commons\1.3.2\junit-platform-commons-1.3.2.jar;C:\Users\Louie\.m2\repository\org\junit\jupiter\junit-jupiter-engine\5.3.2\junit-jupiter-engine-5.3.2.jar;C:\Users\Louie\.m2\repository\org\junit\platform\junit-platform-engine\1.3.2\junit-platform-engine-1.3.2.jar;C:\Users\Louie\.m2\repository\org\mockito\mockito-junit-jupiter\2.23.0\mockito-junit-jupiter-2.23.0.jar;C:\Users\Louie\.m2\repository\org\assertj\assertj-core\3.11.1\assertj-core-3.11.1.jar;C:\Users\Louie\.m2\repository\org\mockito\mockito-core\2.23.4\mockito-core-2.23.4.jar;C:\Users\Louie\.m2\repository\net\bytebuddy\byte-buddy-agent\1.9.3\byte-buddy-agent-1.9.3.jar;C:\Users\Louie\.m2\repository\org\objenesis\objenesis\2.6\objenesis-2.6.jar;C:\Users\Louie\.m2\repository\org\junit\platform\junit-platform-runner\1.2.0\junit-platform-runner-1.2.0.jar;C:\Users\Louie\.m2\repository\org\junit\platform\junit-platform-launcher\1.2.0\junit-platform-launcher-1.2.0.jar;C:\Users\Louie\.m2\repository\org\junit\platform\junit-platform-suite-api\1.2.0\junit-platform-suite-api-1.2.0.jar;C:\Users\Louie\.m2\repository\org\junit\vintage\junit-vintage-engine\5.2.0\junit-vintage-engine-5.2.0.jar;C:\Users\Louie\.m2\repository\org\slf4j\slf4j-api\1.8.0-beta2\slf4j-api-1.8.0-beta2.jar;C:\Users\Louie\.m2\repository\com\fasterxml\jackson\core\jackson-annotations\2.9.6\jackson-annotations-2.9.6.jar;C:\Users\Louie\.m2\repository\com\fasterxml\jackson\core\jackson-databind\2.9.6\jackson-databind-2.9.6.jar;C:\Users\Louie\.m2\repository\org\projectlombok\lombok\1.18.10\lombok-1.18.10.jar;C:\Users\Louie\.m2\repository\com\microsoft\edge\msedge-selenium-tools-java\3.141.0\msedge-selenium-tools-java-3.141.0.jar;"/>
    <property name="sun.cpu.endian" value="little"/>
    <property name="user.home" value="C:\Users\Louie"/>
    <property name="user.language" value="en"/>
    <property name="java.specification.vendor" value="Oracle Corporation"/>
    <property name="java.version.date" value="2021-10-19"/>
    <property name="java.home" value="C:\Program Files\Java\jdk-11.0.13"/>
    <property name="file.separator" value="\"/>
    <property name="basedir" value="C:\Users\Louie\bddcucumber"/>
    <property name="java.vm.compressedOopsMode" value="32-bit"/>
    <property name="line.separator" value="&#10;"/>
    <property name="java.specification.name" value="Java Platform API Specification"/>
    <property name="java.vm.specification.vendor" value="Oracle Corporation"/>
    <property name="java.awt.graphicsenv" value="sun.awt.Win32GraphicsEnvironment"/>
    <property name="surefire.real.class.path" value="C:\Users\Louie\AppData\Local\Temp\surefire7145042572536230390\surefirebooter17076889492715828944.jar"/>
    <property name="user.script" value=""/>
    <property name="sun.management.compiler" value="HotSpot 64-Bit Tiered Compilers"/>
    <property name="java.runtime.version" value="11.0.13+10-LTS-370"/>
    <property name="user.name" value="Louie"/>
    <property name="path.separator" value=";"/>
    <property name="os.version" value="10.0"/>
    <property name="java.runtime.name" value="Java(TM) SE Runtime Environment"/>
    <property name="file.encoding" value="Cp1252"/>
    <property name="java.vm.name" value="Java HotSpot(TM) 64-Bit Server VM"/>
    <property name="java.vendor.version" value="18.9"/>
    <property name="localRepository" value="C:\Users\Louie\.m2\repository"/>
    <property name="java.vendor.url.bug" value="https://bugreport.java.com/bugreport/"/>
    <property name="java.io.tmpdir" value="C:\Users\Louie\AppData\Local\Temp\"/>
    <property name="java.version" value="11.0.13"/>
    <property name="user.dir" value="C:\Users\Louie\bddcucumber"/>
    <property name="os.arch" value="amd64"/>
    <property name="java.vm.specification.name" value="Java Virtual Machine Specification"/>
    <property name="java.awt.printerjob" value="sun.awt.windows.WPrinterJob"/>
    <property name="sun.os.patch.level" value=""/>
    <property name="java.library.path" value="C:\Program Files\Java\jdk-11.0.13\bin;C:\WINDOWS\Sun\Java\bin;C:\WINDOWS\system32;C:\WINDOWS;C:\Users\Louie\bin;C:\Program Files\Git\mingw64\bin;C:\Program Files\Git\usr\local\bin;C:\Program Files\Git\usr\bin;C:\Program Files\Git\usr\bin;C:\Program Files\Git\mingw64\bin;C:\Program Files\Git\usr\bin;C:\Users\Louie\bin;C:\Program Files\Common Files\Oracle\Java\javapath;C:\WINDOWS\system32;C:\WINDOWS;C:\WINDOWS\System32\Wbem;C:\WINDOWS\System32\WindowsPowerShell\v1.0;C:\WINDOWS\System32\OpenSSH;C:\Program Files\Git\cmd;C:\Program Files\Java\jdk-11.0.13;C:\Program Files\apache-maven-3.8.5\bin;C:\Users\Louie\AppData\Local\Microsoft\WindowsApps;C:\Program Files\Git\usr\bin\vendor_perl;C:\Program Files\Git\usr\bin\core_perl;."/>
    <property name="java.vendor" value="Oracle Corporation"/>
    <property name="java.vm.info" value="mixed mode"/>
    <property name="java.vm.version" value="11.0.13+10-LTS-370"/>
    <property name="sun.io.unicode.encoding" value="UnicodeLittle"/>
    <property name="java.class.version" value="55.0"/>
  </properties>
  <testcase name="feature" classname="com.framework.testrunner.sample.Sample_SearchNameRunner" time="18.309"/>
</testsuite>