<?xml version="1.0" encoding="UTF-8"?>
<!-- Generated by org.testng.reporters.JUnitReportReporter -->
<testsuite hostname="DESKTOP-6J2U447" failures="0" tests="1" name="com.framework.testrunner.sample.Sample_SearchNameRunner" time="18.297" errors="0" timestamp="2022-04-05T21:49:12 CST" skipped="0">
  <testcase classname="com.framework.testrunner.sample.Sample_SearchNameRunner" name="feature" time="18.297"/>
  <system-out/>
</testsuite> <!-- com.framework.testrunner.sample.Sample_SearchNameRunner -->
