<?xml version="1.0" encoding="UTF-8"?>
<!-- Generated by org.testng.reporters.JUnitReportReporter -->
<testsuite skipped="0" hostname="CODEV-LAPTOP-0151" name="com.framework.testrunner.sample.Sample_SearchNameRunner" tests="1" failures="0" timestamp="2021-09-28T08:18:40 CST" time="18.056" errors="0">
  <testcase name="feature" time="18.056" classname="com.framework.testrunner.sample.Sample_SearchNameRunner"/>
  <system-out/>
</testsuite> <!-- com.framework.testrunner.sample.Sample_SearchNameRunner -->
